2026-03-05 18:56:25 INFO ==================================================
2026-03-05 18:56:25 INFO shutdown reminder started at 2026-03-05 18:56:25
2026-03-05 18:56:25 INFO python 3.14.2 (tags/v3.14.2:df79316, Dec  5 2025, 17:18:21) [MSC v.1944 64 bit (AMD64)] on win32
2026-03-05 18:56:25 INFO ==================================================
2026-03-05 18:56:25 INFO tray icon started
2026-03-05 18:56:25 INFO registering shutdown listener window
2026-03-05 18:56:25 INFO hidden window created (hwnd=5114086)
2026-03-05 18:56:25 INFO message pump started
2026-03-05 18:56:54 INFO test popup requested from tray menu
2026-03-05 18:57:54 INFO test popup requested from tray menu
2026-03-05 18:58:02 INFO test popup requested from tray menu
2026-03-05 18:58:04 INFO test popup requested from tray menu
2026-03-05 19:02:58 INFO stopped by ctrl+c
2026-03-05 19:17:33 INFO ==================================================
2026-03-05 19:17:33 INFO shutdown reminder started at 2026-03-05 19:17:33
2026-03-05 19:17:33 INFO python 3.14.2 (tags/v3.14.2:df79316, Dec  5 2025, 17:18:21) [MSC v.1944 64 bit (AMD64)] on win32
2026-03-05 19:17:33 INFO ==================================================
2026-03-05 19:17:33 INFO tray icon started
2026-03-05 19:17:33 INFO registering shutdown listener window
2026-03-05 19:17:33 INFO hidden window created (hwnd=3082406)
2026-03-05 19:17:33 INFO message pump started
